  ▲ Next.js 14.2.28
  - Environments: .env
  - Experiments (use with caution):
    · outputFileTracingRoot

   Creating an optimized production build ...
 ✓ Compiled successfully
   Skipping linting
   Checking validity of types ...
   Collecting page data ...
[DB] Connection keepalive started (interval: 240000ms)
[DB] Connection keepalive started (interval: 240000ms)
[DB] Connection keepalive started (interval: 240000ms)
[DB] Connection keepalive started (interval: 240000ms)
[DB] Connection keepalive started (interval: 240000ms)
[DB] Connection keepalive started (interval: 240000ms)
[DB] Connection keepalive started (interval: 240000ms)
   Generating static pages (0/15) ...
   Generating static pages (3/15) 
   Generating static pages (7/15) 
   Generating static pages (11/15) 
 ✓ Generating static pages (15/15)
[DB] Connection warmup interval cleared
[DB] Connection warmup interval cleared
[DB] Connection warmup interval cleared
[DB] Connection warmup interval cleared
[DB] Connection warmup interval cleared
[DB] Connection warmup interval cleared
[DB] Connection closed gracefully
[DB] Connection closed gracefully
[DB] Connection closed gracefully
[DB] Connection closed gracefully
[DB] Connection warmup interval cleared
[DB] Connection closed gracefully
[DB] Connection closed gracefully
[DB] Connection warmup interval cleared
[DB] Connection closed gracefully
[DB] Connection closed gracefully
[DB] Connection warmup interval cleared
[DB] Connection closed gracefully
[DB] Connection warmup interval cleared
[DB] Connection closed gracefully
[DB] Connection warmup interval cleared
[DB] Connection closed gracefully
[DB] Connection warmup interval cleared
[DB] Connection closed gracefully
[DB] Connection warmup interval cleared
[DB] Connection closed gracefully
[DB] Connection warmup interval cleared
[DB] Connection closed gracefully
   Finalizing page optimization ...
   Collecting build traces ...

Route (app)                              Size     First Load JS
┌ ○ /                                    11.8 kB         170 kB
├ ○ /_not-found                          877 B          88.3 kB
├ ƒ /api/auth/[...nextauth]              0 B                0 B
├ ƒ /api/badges                          0 B                0 B
├ ƒ /api/contact                         0 B                0 B
├ ƒ /api/health                          0 B                0 B
├ ƒ /api/problems                        0 B                0 B
├ ƒ /api/problems/[problemId]            0 B                0 B
├ ƒ /api/progress                        0 B                0 B
├ ƒ /api/signup                          0 B                0 B
├ ○ /auth/login                          3.31 kB         117 kB
├ ○ /auth/register                       3.67 kB         118 kB
├ ƒ /badges                              5.95 kB         166 kB
├ ○ /contact                             24 kB           145 kB
├ ƒ /modules                             4.92 kB         163 kB
├ ƒ /modules/[slug]                      35.6 kB         302 kB
└ ƒ /progress                            13.4 kB         270 kB
+ First Load JS shared by all            87.5 kB
  ├ chunks/156-180a6e6ba2f8ae74.js       31.8 kB
  ├ chunks/ceb5afef-be09610317f67663.js  53.6 kB
  └ other shared chunks (total)          2.01 kB


○  (Static)   prerendered as static content
ƒ  (Dynamic)  server-rendered on demand

